forageApp/build/app/intermediates/manifest_merge_blame_file/debug/manifest-merger-blame-debug-report.txt
1<?xml version="1.0" encoding="utf-8"?>
2<manifest xmlns:android="http://schemas.android.com/apk/res/android"
3    package="edu.oregonstate.morett.forageApp"
4    android:versionCode="1"
5    android:versionName="1.0.0" >
6
7    <uses-sdk
8        android:minSdkVersion="21"
9        android:targetSdkVersion="29" />
10    <!--
11         Flutter needs it to communicate with the running application
12         to allow setting breakpoints, to provide hot reload, etc.
13    -->
14    <uses-permission android:name="android.permission.INTERNET" />
14-->src\debug\AndroidManifest.xml:6:5-66
14-->src\debug\AndroidManifest.xml:6:22-64
15    <uses-permission android:name="android.permission.READ_EXTERNAL_STORAGE" />
15-->[:image_picker] AndroidManifest.xml:7:5-80
15-->[:image_picker] AndroidManifest.xml:7:22-77
16    <uses-permission android:name="android.permission.WRITE_EXTERNAL_STORAGE" />
16-->[:image_picker] AndroidManifest.xml:8:5-81
16-->[:image_picker] AndroidManifest.xml:8:22-78
17    <uses-permission android:name="android.permission.ACCESS_COARSE_LOCATION" />
17-->[:location] AndroidManifest.xml:7:5-81
17-->[:location] AndroidManifest.xml:7:22-78
18    <uses-permission android:name="android.permission.ACCESS_FINE_LOCATION" />
18-->[:location] AndroidManifest.xml:8:5-79
18-->[:location] AndroidManifest.xml:8:22-76
19    <uses-permission android:name="android.permission.ACCESS_NETWORK_STATE" />
19-->[:firebase_analytics] AndroidManifest.xml:7:5-79
19-->[:firebase_analytics] AndroidManifest.xml:7:22-76
20    <uses-permission android:name="android.permission.WAKE_LOCK" />
20-->[:firebase_analytics] AndroidManifest.xml:9:5-68
20-->[:firebase_analytics] AndroidManifest.xml:9:22-65
21    <uses-permission android:name="com.google.android.finsky.permission.BIND_GET_INSTALL_REFERRER_SERVICE" />
21-->[com.google.android.gms:play-services-measurement:18.0.2] AndroidManifest.xml:26:5-110
21-->[com.google.android.gms:play-services-measurement:18.0.2] AndroidManifest.xml:26:22-107
22    <!--
23 io.flutter.app.FlutterApplication is an android.app.Application that
24         calls FlutterMain.startInitialization(this); in its onCreate method.
25         In most cases you can leave this as-is, but you if you want to provide
26         additional functionality it is fine to subclass or reimplement
27         FlutterApplication and put your custom class here.
28    -->
29    <application
29-->src\main\AndroidManifest.xml:8:5-46:19
30        android:name="io.flutter.app.FlutterApplication"
30-->src\main\AndroidManifest.xml:9:9-57
31        android:appComponentFactory="androidx.core.app.CoreComponentFactory"
31-->[androidx.core:core:1.3.2] AndroidManifest.xml:24:18-86
32        android:debuggable="true"
33        android:icon="@mipmap/ic_launcher"
33-->src\main\AndroidManifest.xml:11:9-43
34        android:label="forageApp" >
34-->src\main\AndroidManifest.xml:10:9-34
35        <activity
35-->src\main\AndroidManifest.xml:12:9-40:20
36            android:name="edu.oregonstate.morett.forageApp.MainActivity"
36-->src\main\AndroidManifest.xml:13:13-41
37            android:configChanges="orientation|keyboardHidden|keyboard|screenSize|smallestScreenSize|locale|layoutDirection|fontScale|screenLayout|density|uiMode"
37-->src\main\AndroidManifest.xml:16:13-163
38            android:hardwareAccelerated="true"
38-->src\main\AndroidManifest.xml:17:13-47
39            android:launchMode="singleTop"
39-->src\main\AndroidManifest.xml:14:13-43
40            android:theme="@style/LaunchTheme"
40-->src\main\AndroidManifest.xml:15:13-47
41            android:windowSoftInputMode="adjustResize" >
41-->src\main\AndroidManifest.xml:18:13-55
42
43            <!--
44                 Specifies an Android theme to apply to this Activity as soon as
45                 the Android process has started. This theme is visible to the user
46                 while the Flutter UI initializes. After that, this theme continues
47                 to determine the Window background behind the Flutter UI.
48            -->
49            <meta-data
49-->src\main\AndroidManifest.xml:23:13-26:17
50                android:name="io.flutter.embedding.android.NormalTheme"
50-->src\main\AndroidManifest.xml:24:15-70
51                android:resource="@style/NormalTheme" />
51-->src\main\AndroidManifest.xml:25:15-52
52            <!--
53                 Displays an Android View that continues showing the launch screen
54                 Drawable until Flutter paints its first frame, then this splash
55                 screen fades out. A splash screen is useful to avoid any visual
56                 gap between the end of Android's launch screen and the painting of
57                 Flutter's first frame.
58            -->
59            <meta-data
59-->src\main\AndroidManifest.xml:32:13-35:17
60                android:name="io.flutter.embedding.android.SplashScreenDrawable"
60-->src\main\AndroidManifest.xml:33:15-79
61                android:resource="@drawable/launch_background" />
61-->src\main\AndroidManifest.xml:34:15-61
62
63            <intent-filter>
63-->src\main\AndroidManifest.xml:36:13-39:29
64                <action android:name="android.intent.action.MAIN" />
64-->src\main\AndroidManifest.xml:37:17-68
64-->src\main\AndroidManifest.xml:37:25-66
65
66                <category android:name="android.intent.category.LAUNCHER" />
66-->src\main\AndroidManifest.xml:38:17-76
66-->src\main\AndroidManifest.xml:38:27-74
67            </intent-filter>
68        </activity>
69        <!--
70             Don't delete the meta-data below.
71             This is used by the Flutter tool to generate GeneratedPluginRegistrant.java
72        -->
73        <meta-data
73-->src\main\AndroidManifest.xml:43:9-45:33
74            android:name="flutterEmbedding"
74-->src\main\AndroidManifest.xml:44:13-44
75            android:value="2" />
75-->src\main\AndroidManifest.xml:45:13-30
76
77        <service
77-->[:firebase_storage] AndroidManifest.xml:8:9-12:19
78            android:name="com.google.firebase.components.ComponentDiscoveryService"
78-->[:firebase_storage] AndroidManifest.xml:8:18-89
79            android:directBootAware="true"
79-->[com.google.firebase:firebase-common:19.5.0] AndroidManifest.xml:35:13-43
80            android:exported="false" >
80-->[com.google.firebase:firebase-storage:19.2.1] AndroidManifest.xml:32:13-37
81            <meta-data
81-->[:firebase_storage] AndroidManifest.xml:9:13-11:85
82                android:name="com.google.firebase.components:io.flutter.plugins.firebase.storage.FlutterFirebaseAppRegistrar"
82-->[:firebase_storage] AndroidManifest.xml:10:17-126
83                android:value="com.google.firebase.components.ComponentRegistrar" />
83-->[:firebase_storage] AndroidManifest.xml:11:17-82
84            <meta-data
84-->[:firebase_crashlytics] AndroidManifest.xml:9:13-11:85
85                android:name="com.google.firebase.components:io.flutter.plugins.firebase.crashlytics.FlutterFirebaseAppRegistrar"
85-->[:firebase_crashlytics] AndroidManifest.xml:10:17-130
86                android:value="com.google.firebase.components.ComponentRegistrar" />
86-->[:firebase_crashlytics] AndroidManifest.xml:11:17-82
87            <meta-data
87-->[:firebase_analytics] AndroidManifest.xml:13:13-15:85
88                android:name="com.google.firebase.components:io.flutter.plugins.firebaseanalytics.FlutterFirebaseAppRegistrar"
88-->[:firebase_analytics] AndroidManifest.xml:14:17-127
89                android:value="com.google.firebase.components.ComponentRegistrar" />
89-->[:firebase_analytics] AndroidManifest.xml:15:17-82
90            <meta-data
90-->[:cloud_firestore] AndroidManifest.xml:9:13-11:85
91                android:name="com.google.firebase.components:io.flutter.plugins.firebase.firestore.FlutterFirebaseFirestoreRegistrar"
91-->[:cloud_firestore] AndroidManifest.xml:10:17-134
92                android:value="com.google.firebase.components.ComponentRegistrar" />
92-->[:cloud_firestore] AndroidManifest.xml:11:17-82
93            <meta-data
93-->[:firebase_core] AndroidManifest.xml:9:13-11:85
94                android:name="com.google.firebase.components:io.flutter.plugins.firebase.core.FlutterFirebaseCoreRegistrar"
94-->[:firebase_core] AndroidManifest.xml:10:17-124
95                android:value="com.google.firebase.components.ComponentRegistrar" />
95-->[:firebase_core] AndroidManifest.xml:11:17-82
96            <meta-data
96-->[com.google.firebase:firebase-storage:19.2.1] AndroidManifest.xml:33:13-35:85
97                android:name="com.google.firebase.components:com.google.firebase.storage.StorageRegistrar"
97-->[com.google.firebase:firebase-storage:19.2.1] AndroidManifest.xml:34:17-107
98                android:value="com.google.firebase.components.ComponentRegistrar" />
98-->[com.google.firebase:firebase-storage:19.2.1] AndroidManifest.xml:35:17-82
99            <meta-data
99-->[com.google.firebase:firebase-firestore:22.1.1] AndroidManifest.xml:20:13-22:85
100                android:name="com.google.firebase.components:com.google.firebase.firestore.FirestoreRegistrar"
100-->[com.google.firebase:firebase-firestore:22.1.1] AndroidManifest.xml:21:17-111
101                android:value="com.google.firebase.components.ComponentRegistrar" />
101-->[com.google.firebase:firebase-firestore:22.1.1] AndroidManifest.xml:22:17-82
102            <meta-data
102-->[com.google.android.gms:play-services-measurement-api:18.0.2] AndroidManifest.xml:30:13-32:85
103                android:name="com.google.firebase.components:com.google.firebase.analytics.connector.internal.AnalyticsConnectorRegistrar"
103-->[com.google.android.gms:play-services-measurement-api:18.0.2] AndroidManifest.xml:31:17-139
104                android:value="com.google.firebase.components.ComponentRegistrar" />
104-->[com.google.android.gms:play-services-measurement-api:18.0.2] AndroidManifest.xml:32:17-82
105            <meta-data
105-->[com.google.firebase:firebase-crashlytics:17.3.1] AndroidManifest.xml:18:13-20:85
106                android:name="com.google.firebase.components:com.google.firebase.crashlytics.CrashlyticsRegistrar"
106-->[com.google.firebase:firebase-crashlytics:17.3.1] AndroidManifest.xml:19:17-115
107                android:value="com.google.firebase.components.ComponentRegistrar" />
107-->[com.google.firebase:firebase-crashlytics:17.3.1] AndroidManifest.xml:20:17-82
108            <meta-data
108-->[com.google.firebase:firebase-installations:16.3.5] AndroidManifest.xml:18:13-20:85
109                android:name="com.google.firebase.components:com.google.firebase.installations.FirebaseInstallationsRegistrar"
109-->[com.google.firebase:firebase-installations:16.3.5] AndroidManifest.xml:19:17-127
110                android:value="com.google.firebase.components.ComponentRegistrar" />
110-->[com.google.firebase:firebase-installations:16.3.5] AndroidManifest.xml:20:17-82
111            <!--
112                This registrar is not defined in the dynamic-module-support sdk itself to allow non-firebase
113                clients to use it as well, by defining this registrar in their own core/common library.
114            -->
115            <meta-data
115-->[com.google.firebase:firebase-common:19.5.0] AndroidManifest.xml:43:13-45:85
116                android:name="com.google.firebase.components:com.google.firebase.dynamicloading.DynamicLoadingRegistrar"
116-->[com.google.firebase:firebase-common:19.5.0] AndroidManifest.xml:44:17-121
117                android:value="com.google.firebase.components.ComponentRegistrar" />
117-->[com.google.firebase:firebase-common:19.5.0] AndroidManifest.xml:45:17-82
118        </service>
119
120        <provider
120-->[:image_picker] AndroidManifest.xml:11:9-19:20
121            android:name="io.flutter.plugins.imagepicker.ImagePickerFileProvider"
121-->[:image_picker] AndroidManifest.xml:12:13-82
122            android:authorities="edu.oregonstate.morett.forageApp.flutter.image_provider"
122-->[:image_picker] AndroidManifest.xml:13:13-74
123            android:exported="false"
123-->[:image_picker] AndroidManifest.xml:14:13-37
124            android:grantUriPermissions="true" >
124-->[:image_picker] AndroidManifest.xml:15:13-47
125            <meta-data
125-->[:image_picker] AndroidManifest.xml:16:13-18:75
126                android:name="android.support.FILE_PROVIDER_PATHS"
126-->[:image_picker] AndroidManifest.xml:17:17-67
127                android:resource="@xml/flutter_image_picker_file_paths" />
127-->[:image_picker] AndroidManifest.xml:18:17-72
128        </provider>
129
130        <service
130-->[:location] AndroidManifest.xml:11:9-15:56
131            android:name="com.lyokone.location.FlutterLocationService"
131-->[:location] AndroidManifest.xml:12:13-71
132            android:enabled="true"
132-->[:location] AndroidManifest.xml:13:13-35
133            android:exported="false"
133-->[:location] AndroidManifest.xml:14:13-37
134            android:foregroundServiceType="location" />
134-->[:location] AndroidManifest.xml:15:13-53
135
136        <provider
136-->[:share] AndroidManifest.xml:8:9-16:20
137            android:name="io.flutter.plugins.share.ShareFileProvider"
137-->[:share] AndroidManifest.xml:9:13-70
138            android:authorities="edu.oregonstate.morett.forageApp.flutter.share_provider"
138-->[:share] AndroidManifest.xml:10:13-74
139            android:exported="false"
139-->[:share] AndroidManifest.xml:11:13-37
140            android:grantUriPermissions="true" >
140-->[:share] AndroidManifest.xml:12:13-47
141            <meta-data
141-->[:image_picker] AndroidManifest.xml:16:13-18:75
142                android:name="android.support.FILE_PROVIDER_PATHS"
142-->[:image_picker] AndroidManifest.xml:17:17-67
143                android:resource="@xml/flutter_share_file_paths" />
143-->[:image_picker] AndroidManifest.xml:18:17-72
144        </provider>
145
146        <activity
146-->[com.google.android.gms:play-services-base:17.0.0] AndroidManifest.xml:23:9-26:75
147            android:name="com.google.android.gms.common.api.GoogleApiActivity"
147-->[com.google.android.gms:play-services-base:17.0.0] AndroidManifest.xml:24:13-79
148            android:exported="false"
148-->[com.google.android.gms:play-services-base:17.0.0] AndroidManifest.xml:25:13-37
149            android:theme="@android:style/Theme.Translucent.NoTitleBar" />
149-->[com.google.android.gms:play-services-base:17.0.0] AndroidManifest.xml:26:13-72
150
151        <receiver
151-->[com.google.android.gms:play-services-measurement:18.0.2] AndroidManifest.xml:29:9-33:20
152            android:name="com.google.android.gms.measurement.AppMeasurementReceiver"
152-->[com.google.android.gms:play-services-measurement:18.0.2] AndroidManifest.xml:30:13-85
153            android:enabled="true"
153-->[com.google.android.gms:play-services-measurement:18.0.2] AndroidManifest.xml:31:13-35
154            android:exported="false" >
154-->[com.google.android.gms:play-services-measurement:18.0.2] AndroidManifest.xml:32:13-37
155        </receiver>
156
157        <service
157-->[com.google.android.gms:play-services-measurement:18.0.2] AndroidManifest.xml:35:9-38:40
158            android:name="com.google.android.gms.measurement.AppMeasurementService"
158-->[com.google.android.gms:play-services-measurement:18.0.2] AndroidManifest.xml:36:13-84
159            android:enabled="true"
159-->[com.google.android.gms:play-services-measurement:18.0.2] AndroidManifest.xml:37:13-35
160            android:exported="false" />
160-->[com.google.android.gms:play-services-measurement:18.0.2] AndroidManifest.xml:38:13-37
161        <service
161-->[com.google.android.gms:play-services-measurement:18.0.2] AndroidManifest.xml:39:9-43:72
162            android:name="com.google.android.gms.measurement.AppMeasurementJobService"
162-->[com.google.android.gms:play-services-measurement:18.0.2] AndroidManifest.xml:40:13-87
163            android:enabled="true"
163-->[com.google.android.gms:play-services-measurement:18.0.2] AndroidManifest.xml:41:13-35
164            android:exported="false"
164-->[com.google.android.gms:play-services-measurement:18.0.2] AndroidManifest.xml:42:13-37
165            android:permission="android.permission.BIND_JOB_SERVICE" />
165-->[com.google.android.gms:play-services-measurement:18.0.2] AndroidManifest.xml:43:13-69
166
167        <provider
167-->[com.google.firebase:firebase-common:19.5.0] AndroidManifest.xml:26:9-31:39
168            android:name="com.google.firebase.provider.FirebaseInitProvider"
168-->[com.google.firebase:firebase-common:19.5.0] AndroidManifest.xml:27:13-77
169            android:authorities="edu.oregonstate.morett.forageApp.firebaseinitprovider"
169-->[com.google.firebase:firebase-common:19.5.0] AndroidManifest.xml:28:13-72
170            android:directBootAware="true"
170-->[com.google.firebase:firebase-common:19.5.0] AndroidManifest.xml:29:13-43
171            android:exported="false"
171-->[com.google.firebase:firebase-common:19.5.0] AndroidManifest.xml:30:13-37
172            android:initOrder="100" />
172-->[com.google.firebase:firebase-common:19.5.0] AndroidManifest.xml:31:13-36
173
174        <meta-data
174-->[com.google.android.gms:play-services-basement:17.0.0] AndroidManifest.xml:23:9-25:69
175            android:name="com.google.android.gms.version"
175-->[com.google.android.gms:play-services-basement:17.0.0] AndroidManifest.xml:24:13-58
176            android:value="@integer/google_play_services_version" />
176-->[com.google.android.gms:play-services-basement:17.0.0] AndroidManifest.xml:25:13-66
177
178        <service
178-->[com.google.android.datatransport:transport-backend-cct:2.3.3] AndroidManifest.xml:29:9-35:19
179            android:name="com.google.android.datatransport.runtime.backends.TransportBackendDiscovery"
179-->[com.google.android.datatransport:transport-backend-cct:2.3.3] AndroidManifest.xml:30:13-103
180            android:exported="false" >
180-->[com.google.android.datatransport:transport-backend-cct:2.3.3] AndroidManifest.xml:31:13-37
181            <meta-data
181-->[com.google.android.datatransport:transport-backend-cct:2.3.3] AndroidManifest.xml:32:13-34:39
182                android:name="backend:com.google.android.datatransport.cct.CctBackendFactory"
182-->[com.google.android.datatransport:transport-backend-cct:2.3.3] AndroidManifest.xml:33:17-94
183                android:value="cct" />
183-->[com.google.android.datatransport:transport-backend-cct:2.3.3] AndroidManifest.xml:34:17-36
184        </service>
185        <service
185-->[com.google.android.datatransport:transport-runtime:2.2.5] AndroidManifest.xml:26:9-30:19
186            android:name="com.google.android.datatransport.runtime.scheduling.jobscheduling.JobInfoSchedulerService"
186-->[com.google.android.datatransport:transport-runtime:2.2.5] AndroidManifest.xml:27:13-117
187            android:exported="false"
187-->[com.google.android.datatransport:transport-runtime:2.2.5] AndroidManifest.xml:28:13-37
188            android:permission="android.permission.BIND_JOB_SERVICE" >
188-->[com.google.android.datatransport:transport-runtime:2.2.5] AndroidManifest.xml:29:13-69
189        </service>
190
191        <receiver
191-->[com.google.android.datatransport:transport-runtime:2.2.5] AndroidManifest.xml:32:9-34:40
192            android:name="com.google.android.datatransport.runtime.scheduling.jobscheduling.AlarmManagerSchedulerBroadcastReceiver"
192-->[com.google.android.datatransport:transport-runtime:2.2.5] AndroidManifest.xml:33:13-132
193            android:exported="false" />
193-->[com.google.android.datatransport:transport-runtime:2.2.5] AndroidManifest.xml:34:13-37
194    </application>
195
196</manifest>